<?xml version="1.0" encoding="UTF-8"?>
<testsuite xmlns:xsi="http://www.w3.org/2001/XMLSchema-instance" xsi:noNamespaceSchemaLocation="https://maven.apache.org/surefire/maven-surefire-plugin/xsd/surefire-test-report-3.0.xsd" version="3.0" name="com.task.employeeSystem.EmployeeSystemApplicationTests" time="4.893" tests="1" errors="0" skipped="0" failures="0">
  <properties>
[...]
</properties>
  <testcase name="contextLoads" classname="com.task.employeeSystem.EmployeeSystemApplicationTests" time="0.369">
    <system-out><![CDATA[09:31:09.508 [main] INFO org.springframework.test.context.support.AnnotationConfigContextLoaderUtils -- Could not detect default configuration classes for test class [com.task.employeeSystem.EmployeeSystemApplicationTests]: EmployeeSystemApplicationTests does not declare any static, non-private, non-final, nested classes annotated with @Configuration.
09:31:09.566 [main] INFO org.springframework.boot.test.context.SpringBootTestContextBootstrapper -- Found @SpringBootConfiguration com.task.employeeSystem.EmployeeSystemApplication for test class com.task.employeeSystem.EmployeeSystemApplicationTests

  .   ____          _            __ _ _
 /\\ / ___'_ __ _ _(_)_ __  __ _ \ \ \ \
( ( )\___ | '_ | '_| | '_ \/ _` | \ \ \ \
 \\/  ___)| |_)| | | | | || (_| |  ) ) ) )
  '  |____| .__|_| |_|_| |_\__, | / / / /
 =========|_|==============|___/=/_/_/_/
 :: Spring Boot ::                (v3.1.0)

2023-05-29T09:31:09.837+05:30  INFO 7107 --- [           main] c.t.e.EmployeeSystemApplicationTests     : Starting EmployeeSystemApplicationTests using Java 19.0.2 with PID 7107 (started by developer in /home/developer/Documents/employeeSystem)
2023-05-29T09:31:09.838+05:30  INFO 7107 --- [           main] c.t.e.EmployeeSystemApplicationTests     : No active profile set, falling back to 1 default profile: "default"
2023-05-29T09:31:10.404+05:30  INFO 7107 --- [           main] .s.d.r.c.RepositoryConfigurationDelegate : Bootstrapping Spring Data JPA repositories in DEFAULT mode.
2023-05-29T09:31:10.439+05:30  INFO 7107 --- [           main] .s.d.r.c.RepositoryConfigurationDelegate : Finished Spring Data repository scanning in 28 ms. Found 2 JPA repository interfaces.
2023-05-29T09:31:10.886+05:30  INFO 7107 --- [           main] com.zaxxer.hikari.HikariDataSource       : HikariPool-1 - Starting...
2023-05-29T09:31:11.101+05:30  INFO 7107 --- [           main] com.zaxxer.hikari.pool.HikariPool        : HikariPool-1 - Added connection ConnectionID:1 ClientConnectionId: 2c791dc1-cd99-4acd-9177-7173b933f784
2023-05-29T09:31:11.102+05:30  INFO 7107 --- [           main] com.zaxxer.hikari.HikariDataSource       : HikariPool-1 - Start completed.
2023-05-29T09:31:11.198+05:30  INFO 7107 --- [           main] liquibase.database                       : Set default schema name to dbo
2023-05-29T09:31:11.519+05:30  INFO 7107 --- [           main] liquibase.changelog                      : Reading from DATABASECHANGELOG
2023-05-29T09:31:11.530+05:30  INFO 7107 --- [           main] liquibase.executor                       : Changelog query completed.
Database is up to date, no changesets to execute
2023-05-29T09:31:11.677+05:30  INFO 7107 --- [           main] o.hibernate.jpa.internal.util.LogHelper  : HHH000204: Processing PersistenceUnitInfo [name: default]
2023-05-29T09:31:11.717+05:30  INFO 7107 --- [           main] org.hibernate.Version                    : HHH000412: Hibernate ORM core version 6.2.2.Final
2023-05-29T09:31:11.719+05:30  INFO 7107 --- [           main] org.hibernate.cfg.Environment            : HHH000406: Using bytecode reflection optimizer
2023-05-29T09:31:11.792+05:30  INFO 7107 --- [           main] o.h.b.i.BytecodeProviderInitiator        : HHH000021: Bytecode provider name : bytebuddy
2023-05-29T09:31:11.870+05:30  INFO 7107 --- [           main] o.s.o.j.p.SpringPersistenceUnitInfo      : No LoadTimeWeaver setup: ignoring JPA class transformer
2023-05-29T09:31:11.901+05:30  INFO 7107 --- [           main] org.hibernate.orm.dialect                : HHH035001: Using dialect: org.hibernate.dialect.SQLServerDialect, version: 15.0
2023-05-29T09:31:12.059+05:30  INFO 7107 --- [           main] o.h.b.i.BytecodeProviderInitiator        : HHH000021: Bytecode provider name : bytebuddy
2023-05-29T09:31:12.457+05:30  INFO 7107 --- [           main] o.h.e.t.j.p.i.JtaPlatformInitiator       : HHH000490: Using JtaPlatform implementation: [org.hibernate.engine.transaction.jta.platform.internal.NoJtaPlatform]
2023-05-29T09:31:12.460+05:30  INFO 7107 --- [           main] j.LocalContainerEntityManagerFactoryBean : Initialized JPA EntityManagerFactory for persistence unit 'default'
2023-05-29T09:31:12.794+05:30  WARN 7107 --- [           main] JpaBaseConfiguration$JpaWebConfiguration : spring.jpa.open-in-view is enabled by default. Therefore, database queries may be performed during view rendering. Explicitly configure spring.jpa.open-in-view to disable this warning
2023-05-29T09:31:13.036+05:30  INFO 7107 --- [           main] o.s.s.web.DefaultSecurityFilterChain     : Will secure any request with [org.springframework.security.web.session.DisableEncodeUrlFilter@333e01c6, org.springframework.security.web.context.request.async.WebAsyncManagerIntegrationFilter@4f70b659, org.springframework.security.web.context.SecurityContextHolderFilter@7c16cc25, org.springframework.security.web.header.HeaderWriterFilter@183e64a8, org.springframework.security.web.authentication.logout.LogoutFilter@257e8c43, org.springframework.security.web.authentication.www.BasicAuthenticationFilter@36e95b7b, org.springframework.security.web.savedrequest.RequestCacheAwareFilter@3cc5ca01, org.springframework.security.web.servletapi.SecurityContextHolderAwareRequestFilter@22db12f6, org.springframework.security.web.authentication.AnonymousAuthenticationFilter@18f1a81a, org.springframework.security.web.session.SessionManagementFilter@22d23c27, org.springframework.security.web.access.ExceptionTranslationFilter@2cbd855e, org.springframework.security.web.access.intercept.AuthorizationFilter@5c94d4b8]
2023-05-29T09:31:13.892+05:30  INFO 7107 --- [           main] c.t.e.EmployeeSystemApplicationTests     : Started EmployeeSystemApplicationTests in 4.238 seconds (process running for 4.898)
]]></system-out>
  </testcase>
</testsuite>